2022-03-02T15:56:53+00:00 CRITICAL Uncaught Error: Call to undefined function myproduct_filter() in D:\xampp\htdocs\acquaint_practical\wp-content\themes\twentytwentytwo\page-product.php:173
Stack trace:
#0 D:\xampp\htdocs\acquaint_practical\wp-includes\template-loader.php(106): include()
#1 D:\xampp\htdocs\acquaint_practical\wp-blog-header.php(19): require_once('D:\\xampp\\htdocs...')
#2 D:\xampp\htdocs\acquaint_practical\index.php(17): require('D:\\xampp\\htdocs...')
#3 {main}
  thrown in D:\xampp\htdocs\acquaint_practical\wp-content\themes\twentytwentytwo\page-product.php on line 173

2022-03-02T16:08:53+00:00 CRITICAL Uncaught Error: Call to a member function have_posts() on null in D:\xampp\htdocs\acquaint_practical\wp-content\themes\twentytwentytwo\functions.php:190
Stack trace:
#0 D:\xampp\htdocs\acquaint_practical\wp-includes\class-wp-hook.php(307): custom_filter_function('')
#1 D:\xampp\htdocs\acquaint_practical\wp-includes\class-wp-hook.php(331): WP_Hook->apply_filters('', Array)
#2 D:\xampp\htdocs\acquaint_practical\wp-includes\plugin.php(474): WP_Hook->do_action(Array)
#3 D:\xampp\htdocs\acquaint_practical\wp-admin\admin-ajax.php(202): do_action('wp_ajax_nopriv_...')
#4 {main}
  thrown in D:\xampp\htdocs\acquaint_practical\wp-content\themes\twentytwentytwo\functions.php on line 190

2022-03-02T16:09:08+00:00 CRITICAL Uncaught Error: Call to a member function have_posts() on null in D:\xampp\htdocs\acquaint_practical\wp-content\themes\twentytwentytwo\functions.php:190
Stack trace:
#0 D:\xampp\htdocs\acquaint_practical\wp-includes\class-wp-hook.php(307): custom_filter_function('')
#1 D:\xampp\htdocs\acquaint_practical\wp-includes\class-wp-hook.php(331): WP_Hook->apply_filters('', Array)
#2 D:\xampp\htdocs\acquaint_practical\wp-includes\plugin.php(474): WP_Hook->do_action(Array)
#3 D:\xampp\htdocs\acquaint_practical\wp-admin\admin-ajax.php(202): do_action('wp_ajax_nopriv_...')
#4 {main}
  thrown in D:\xampp\htdocs\acquaint_practical\wp-content\themes\twentytwentytwo\functions.php on line 190

2022-03-02T16:12:06+00:00 CRITICAL Uncaught Error: Call to a member function have_posts() on null in D:\xampp\htdocs\acquaint_practical\wp-content\themes\twentytwentytwo\functions.php:190
Stack trace:
#0 D:\xampp\htdocs\acquaint_practical\wp-includes\class-wp-hook.php(307): custom_filter_function('')
#1 D:\xampp\htdocs\acquaint_practical\wp-includes\class-wp-hook.php(331): WP_Hook->apply_filters('', Array)
#2 D:\xampp\htdocs\acquaint_practical\wp-includes\plugin.php(474): WP_Hook->do_action(Array)
#3 D:\xampp\htdocs\acquaint_practical\wp-admin\admin-ajax.php(202): do_action('wp_ajax_nopriv_...')
#4 {main}
  thrown in D:\xampp\htdocs\acquaint_practical\wp-content\themes\twentytwentytwo\functions.php on line 190

2022-03-02T16:13:11+00:00 CRITICAL Uncaught Error: Call to a member function have_posts() on null in D:\xampp\htdocs\acquaint_practical\wp-content\themes\twentytwentytwo\functions.php:190
Stack trace:
#0 D:\xampp\htdocs\acquaint_practical\wp-includes\class-wp-hook.php(307): custom_filter_function('')
#1 D:\xampp\htdocs\acquaint_practical\wp-includes\class-wp-hook.php(331): WP_Hook->apply_filters('', Array)
#2 D:\xampp\htdocs\acquaint_practical\wp-includes\plugin.php(474): WP_Hook->do_action(Array)
#3 D:\xampp\htdocs\acquaint_practical\wp-admin\admin-ajax.php(202): do_action('wp_ajax_nopriv_...')
#4 {main}
  thrown in D:\xampp\htdocs\acquaint_practical\wp-content\themes\twentytwentytwo\functions.php on line 190

2022-03-02T16:13:46+00:00 CRITICAL Uncaught Error: Call to a member function have_posts() on null in D:\xampp\htdocs\acquaint_practical\wp-content\themes\twentytwentytwo\functions.php:190
Stack trace:
#0 D:\xampp\htdocs\acquaint_practical\wp-includes\class-wp-hook.php(307): custom_filter_function('')
#1 D:\xampp\htdocs\acquaint_practical\wp-includes\class-wp-hook.php(331): WP_Hook->apply_filters('', Array)
#2 D:\xampp\htdocs\acquaint_practical\wp-includes\plugin.php(474): WP_Hook->do_action(Array)
#3 D:\xampp\htdocs\acquaint_practical\wp-admin\admin-ajax.php(202): do_action('wp_ajax_nopriv_...')
#4 {main}
  thrown in D:\xampp\htdocs\acquaint_practical\wp-content\themes\twentytwentytwo\functions.php on line 190

2022-03-02T16:15:07+00:00 CRITICAL Uncaught Error: Call to a member function have_posts() on null in D:\xampp\htdocs\acquaint_practical\wp-content\themes\twentytwentytwo\functions.php:191
Stack trace:
#0 D:\xampp\htdocs\acquaint_practical\wp-includes\class-wp-hook.php(307): custom_filter_function('')
#1 D:\xampp\htdocs\acquaint_practical\wp-includes\class-wp-hook.php(331): WP_Hook->apply_filters('', Array)
#2 D:\xampp\htdocs\acquaint_practical\wp-includes\plugin.php(474): WP_Hook->do_action(Array)
#3 D:\xampp\htdocs\acquaint_practical\wp-admin\admin-ajax.php(202): do_action('wp_ajax_nopriv_...')
#4 {main}
  thrown in D:\xampp\htdocs\acquaint_practical\wp-content\themes\twentytwentytwo\functions.php on line 191

2022-03-02T16:18:05+00:00 CRITICAL Uncaught Error: Call to a member function have_posts() on null in D:\xampp\htdocs\acquaint_practical\wp-content\themes\twentytwentytwo\functions.php:190
Stack trace:
#0 D:\xampp\htdocs\acquaint_practical\wp-includes\class-wp-hook.php(307): custom_filter_function('')
#1 D:\xampp\htdocs\acquaint_practical\wp-includes\class-wp-hook.php(331): WP_Hook->apply_filters('', Array)
#2 D:\xampp\htdocs\acquaint_practical\wp-includes\plugin.php(474): WP_Hook->do_action(Array)
#3 D:\xampp\htdocs\acquaint_practical\wp-admin\admin-ajax.php(202): do_action('wp_ajax_nopriv_...')
#4 {main}
  thrown in D:\xampp\htdocs\acquaint_practical\wp-content\themes\twentytwentytwo\functions.php on line 190

2022-03-02T16:23:39+00:00 CRITICAL Uncaught Error: Call to a member function have_posts() on null in D:\xampp\htdocs\acquaint_practical\wp-content\themes\twentytwentytwo\functions.php:190
Stack trace:
#0 D:\xampp\htdocs\acquaint_practical\wp-includes\class-wp-hook.php(307): custom_filter_function('')
#1 D:\xampp\htdocs\acquaint_practical\wp-includes\class-wp-hook.php(331): WP_Hook->apply_filters('', Array)
#2 D:\xampp\htdocs\acquaint_practical\wp-includes\plugin.php(474): WP_Hook->do_action(Array)
#3 D:\xampp\htdocs\acquaint_practical\wp-admin\admin-ajax.php(202): do_action('wp_ajax_nopriv_...')
#4 {main}
  thrown in D:\xampp\htdocs\acquaint_practical\wp-content\themes\twentytwentytwo\functions.php on line 190

2022-03-02T16:26:43+00:00 CRITICAL syntax error, unexpected ''<div class="col-md-4 response' (T_CONSTANT_ENCAPSED_STRING) in D:\xampp\htdocs\acquaint_practical\wp-content\themes\twentytwentytwo\page-product.php on line 52

2022-03-02T16:27:01+00:00 CRITICAL Uncaught Error: Call to a member function have_posts() on null in D:\xampp\htdocs\acquaint_practical\wp-content\themes\twentytwentytwo\functions.php:190
Stack trace:
#0 D:\xampp\htdocs\acquaint_practical\wp-includes\class-wp-hook.php(307): custom_filter_function('')
#1 D:\xampp\htdocs\acquaint_practical\wp-includes\class-wp-hook.php(331): WP_Hook->apply_filters('', Array)
#2 D:\xampp\htdocs\acquaint_practical\wp-includes\plugin.php(474): WP_Hook->do_action(Array)
#3 D:\xampp\htdocs\acquaint_practical\wp-admin\admin-ajax.php(202): do_action('wp_ajax_nopriv_...')
#4 {main}
  thrown in D:\xampp\htdocs\acquaint_practical\wp-content\themes\twentytwentytwo\functions.php on line 190

2022-03-02T16:27:11+00:00 CRITICAL Uncaught Error: Call to a member function have_posts() on null in D:\xampp\htdocs\acquaint_practical\wp-content\themes\twentytwentytwo\functions.php:190
Stack trace:
#0 D:\xampp\htdocs\acquaint_practical\wp-includes\class-wp-hook.php(307): custom_filter_function('')
#1 D:\xampp\htdocs\acquaint_practical\wp-includes\class-wp-hook.php(331): WP_Hook->apply_filters('', Array)
#2 D:\xampp\htdocs\acquaint_practical\wp-includes\plugin.php(474): WP_Hook->do_action(Array)
#3 D:\xampp\htdocs\acquaint_practical\wp-admin\admin-ajax.php(202): do_action('wp_ajax_nopriv_...')
#4 {main}
  thrown in D:\xampp\htdocs\acquaint_practical\wp-content\themes\twentytwentytwo\functions.php on line 190

2022-03-02T16:30:59+00:00 CRITICAL Uncaught Error: Call to a member function have_posts() on null in D:\xampp\htdocs\acquaint_practical\wp-content\themes\twentytwentytwo\functions.php:192
Stack trace:
#0 D:\xampp\htdocs\acquaint_practical\wp-includes\class-wp-hook.php(307): custom_filter_function('')
#1 D:\xampp\htdocs\acquaint_practical\wp-includes\class-wp-hook.php(331): WP_Hook->apply_filters('', Array)
#2 D:\xampp\htdocs\acquaint_practical\wp-includes\plugin.php(474): WP_Hook->do_action(Array)
#3 D:\xampp\htdocs\acquaint_practical\wp-admin\admin-ajax.php(202): do_action('wp_ajax_nopriv_...')
#4 {main}
  thrown in D:\xampp\htdocs\acquaint_practical\wp-content\themes\twentytwentytwo\functions.php on line 192

